********************************************************************************
product = Open Liberty 23.0.0.5 (wlp-1.0.77.cl230520230514-1901)
wlp.install.dir = /Users/Srihitha/Desktop/demo/target/liberty/wlp/
java.home = /usr/local/Cellar/openjdk/17.0.1_1/libexec/openjdk.jdk/Contents/Home
java.version = 17.0.1
java.runtime = OpenJDK Runtime Environment (17.0.1+1)
os = Mac OS X (12.2; x86_64) (en_US)
process = 31280@User1s-MBP.fios-router.home
Classpath = /Users/Srihitha/Desktop/demo/target/liberty/wlp/bin/tools/ws-server.jar
Java Library path = /Users/Srihitha/Library/Java/Extensions:/Library/Java/Extensions:/Network/Library/Java/Extensions:/System/Library/Java/Extensions:/usr/lib/java:.
********************************************************************************
[6/20/23, 16:08:10:594 EDT] 00000001 com.ibm.ws.kernel.launch.internal.FrameworkManager           A CWWKE0001I: The server defaultServer has been launched.
[6/20/23, 16:08:10:953 EDT] 0000001d com.ibm.ws.config.xml.internal.ServerXMLConfiguration        A CWWKG0093A: Processing configuration drop-ins resource: /Users/Srihitha/Desktop/demo/target/liberty/wlp/usr/servers/defaultServer/configDropins/overrides/liberty-plugin-variable-config.xml
[6/20/23, 16:08:11:048 EDT] 00000001 com.ibm.ws.kernel.launch.internal.FrameworkManager           I CWWKE0002I: The kernel started after 0.667 seconds
[6/20/23, 16:08:11:055 EDT] 00000026 com.ibm.ws.kernel.feature.internal.FeatureManager            I CWWKF0007I: Feature update started.
[6/20/23, 16:08:11:200 EDT] 0000001c com.ibm.ws.app.manager.internal.monitor.DropinMonitor        A CWWKZ0058I: Monitoring dropins for applications.
[6/20/23, 16:08:11:346 EDT] 0000002d com.ibm.ws.app.manager.AppMessageHelper                      I CWWKZ0018I: Starting application demo.
[6/20/23, 16:08:11:346 EDT] 0000002e com.ibm.ws.app.manager.AppMessageHelper                      I CWWKZ0018I: Starting application demo-1.
[6/20/23, 16:08:11:347 EDT] 0000002d bm.ws.app.manager.war.internal.WARDeployedAppInfoFactoryImpl I CWWKZ0134I: The demo application is using the loose application definition at the /Users/Srihitha/Desktop/demo/target/liberty/wlp/usr/servers/defaultServer/dropins/demo.war.xml location.
[6/20/23, 16:08:11:347 EDT] 0000002e bm.ws.app.manager.war.internal.WARDeployedAppInfoFactoryImpl I CWWKZ0134I: The demo-1 application is using the loose application definition at the /Users/Srihitha/Desktop/demo/target/liberty/wlp/usr/servers/defaultServer/dropins/demo-1.war.xml location.
[6/20/23, 16:08:12:002 EDT] 0000002d com.ibm.ws.logging.internal.impl.IncidentImpl                I FFDC1015I: An FFDC Incident has been created: "com.ibm.wsspi.adaptable.module.UnableToAdaptException: com.ibm.ws.javaee.ddmodel.DDParser$ParseException: CWWKC2263E: The WEB-INF/lib/spring-web-6.0.9.jar : META-INF/web-fragment.xml deployment descriptor on line 5 specifies version 50, which is higher than the current provisioned version 31. com.ibm.ws.webcontainer.osgi.WebContainer createModuleMetaData" at ffdc_23.06.20_16.08.11.0.log
[6/20/23, 16:08:12:004 EDT] 0000002d com.ibm.ws.app.manager.AppMessageHelper                      E CWWKZ0002E: An exception occurred while starting the application demo. The exception message was: com.ibm.ws.container.service.metadata.MetaDataException: com.ibm.wsspi.adaptable.module.UnableToAdaptException: com.ibm.ws.javaee.ddmodel.DDParser$ParseException: CWWKC2263E: The WEB-INF/lib/spring-web-6.0.9.jar : META-INF/web-fragment.xml deployment descriptor on line 5 specifies version 50, which is higher than the current provisioned version 31.
[6/20/23, 16:08:12:031 EDT] 0000002e com.ibm.ws.logging.internal.impl.IncidentImpl                I FFDC1015I: An FFDC Incident has been created: "com.ibm.ws.container.service.metadata.MetaDataException: com.ibm.wsspi.adaptable.module.UnableToAdaptException: com.ibm.ws.javaee.ddmodel.DDParser$ParseException: CWWKC2263E: The WEB-INF/lib/spring-web-6.0.9.jar : META-INF/web-fragment.xml deployment descriptor on line 5 specifies version 50, which is higher than the current provisioned version 31. com.ibm.ws.app.manager.module.internal.SimpleDeployedAppInfoBase 537" at ffdc_23.06.20_16.08.11.1.log
[6/20/23, 16:08:12:032 EDT] 0000002e com.ibm.ws.app.manager.AppMessageHelper                      E CWWKZ0002E: An exception occurred while starting the application demo-1. The exception message was: com.ibm.ws.container.service.metadata.MetaDataException: com.ibm.wsspi.adaptable.module.UnableToAdaptException: com.ibm.ws.javaee.ddmodel.DDParser$ParseException: CWWKC2263E: The WEB-INF/lib/spring-web-6.0.9.jar : META-INF/web-fragment.xml deployment descriptor on line 5 specifies version 50, which is higher than the current provisioned version 31.
[6/20/23, 16:08:12:044 EDT] 00000026 com.ibm.ws.tcpchannel.internal.TCPPort                       I CWWKO0219I: TCP Channel defaultHttpEndpoint has been started and is now listening for requests on host localhost  (IPv4: 127.0.0.1) port 9080.
[6/20/23, 16:08:12:049 EDT] 00000026 com.ibm.ws.kernel.feature.internal.FeatureManager            A CWWKF0012I: The server installed the following features: [el-3.0, jsp-2.3, servlet-3.1].
[6/20/23, 16:08:12:049 EDT] 00000026 com.ibm.ws.kernel.feature.internal.FeatureManager            I CWWKF0008I: Feature update completed in 1.001 seconds.
[6/20/23, 16:08:12:049 EDT] 00000026 com.ibm.ws.kernel.feature.internal.FeatureManager            A CWWKF0011I: The defaultServer server is ready to run a smarter planet. The defaultServer server started in 1.669 seconds.
[6/20/23, 16:16:34:908 EDT] 00000015 com.ibm.ws.kernel.launch.internal.FrameworkManager           A CWWKE0085I: The server defaultServer is stopping because the JVM is exiting.
[6/20/23, 16:16:34:912 EDT] 0000004f com.ibm.ws.runtime.update.internal.RuntimeUpdateManagerImpl  A CWWKE1100I: Waiting for up to 30 seconds for the server to quiesce.
[6/20/23, 16:16:34:917 EDT] 0000002d com.ibm.ws.tcpchannel.internal.TCPChannel                    I CWWKO0220I: TCP Channel defaultHttpEndpoint has stopped listening for requests on host localhost  (IPv4: 127.0.0.1) port 9080.
[6/20/23, 16:16:35:106 EDT] 00000016 com.ibm.ws.kernel.launch.internal.ServerCommandListener      A CWWKE0055I: Server shutdown requested on Tuesday, June 20, 2023 at 4:16 PM. The server defaultServer is shutting down.
[6/20/23, 16:16:35:924 EDT] 0000004f com.ibm.ws.runtime.update.internal.RuntimeUpdateManagerImpl  I CWWKE1101I: Server quiesce complete.
[6/20/23, 16:16:36:077 EDT] 00000001 com.ibm.ws.kernel.launch.internal.FrameworkManager           A CWWKE0036I: The server defaultServer stopped after 8 minutes, 25.691 seconds.
